<?xml version="1.0" encoding="UTF-8"?>
<testng-results ignored="0" total="1" passed="1" failed="0" skipped="0">
  <reporter-output>
  </reporter-output>
  <suite started-at="2022-03-18T01:10:56 PKT" name="Suite" finished-at="2022-03-18T01:11:16 PKT" duration-ms="19133">
    <groups>
    </groups>
    <test started-at="2022-03-18T01:10:56 PKT" name="Test1" finished-at="2022-03-18T01:11:16 PKT" duration-ms="19133">
      <class name="mavenforjenkins.UITest">
        <test-method signature="startBrowser(java.lang.String)[pri:0, instance:mavenforjenkins.UITest@15ca7889]" started-at="2022-03-18T01:10:57 PKT" name="startBrowser" finished-at="2022-03-18T01:11:16 PKT" duration-ms="19050" status="PASS">
          <params>
            <param index="0">
              <value>
                <![CDATA[Chrome]]>
              </value>
            </param>
          </params>
          <reporter-output>
          </reporter-output>
        </test-method> <!-- startBrowser -->
      </class> <!-- mavenforjenkins.UITest -->
    </test> <!-- Test1 -->
  </suite> <!-- Suite -->
</testng-results>
